2012/11/05 10:16:30 にビルドを開始しました。
     1>ノード 2 上のプロジェクト "C:\Users\n1220071.STCN\Documents\Visual Studio 2010\Projects\CL_K02_1\CL_K02_1\CL_K02_1.vcxproj" (build ターゲット)。
     1>InitializeBuildStatus:
         "AlwaysCreate" が指定されたため "Debug\CL_K02_1.unsuccessfulbuild" を作成しています。
       ClCompile:
         c:\Program Files (x86)\Microsoft Visual Studio 10.0\VC\bin\CL.exe /c /ZI /nologo /W3 /WX- /Od /Oy- /D WIN32 /D _DEBUG /D _CONSOLE /D _UNICODE /D UNICODE /Gm /EHsc /RTC1 /MDd /GS /fp:precise /Zc:wchar_t /Zc:forScope /Fo"Debug\\" /Fd"Debug\vc100.pdb" /Gd /TC /analyze- /errorReport:prompt CL_K02_1.c
         CL_K02_1.c
     1>c:\users\n1220071.stcn\documents\visual studio 2010\projects\cl_k02_1\cl_k02_1\cl_k02_1.c(7): warning C4996: 'scanf': This function or variable may be unsafe. Consider using scanf_s instead. To disable deprecation, use _CRT_SECURE_NO_WARNINGS. See online help for details.
                 c:\program files (x86)\microsoft visual studio 10.0\vc\include\stdio.h(304) : 'scanf' の宣言を確認してください。
     1>c:\users\n1220071.stcn\documents\visual studio 2010\projects\cl_k02_1\cl_k02_1\cl_k02_1.c(9): warning C4996: 'scanf': This function or variable may be unsafe. Consider using scanf_s instead. To disable deprecation, use _CRT_SECURE_NO_WARNINGS. See online help for details.
                 c:\program files (x86)\microsoft visual studio 10.0\vc\include\stdio.h(304) : 'scanf' の宣言を確認してください。
       ManifestResourceCompile:
         すべての出力が最新のものです。
       Link:
         c:\Program Files (x86)\Microsoft Visual Studio 10.0\VC\bin\link.exe /ERRORREPORT:PROMPT /OUT:"C:\Users\n1220071.STCN\Documents\Visual Studio 2010\Projects\CL_K02_1\Debug\CL_K02_1.exe" /INCREMENTAL /NOLOGO kernel32.lib user32.lib gdi32.lib winspool.lib comdlg32.lib advapi32.lib shell32.lib ole32.lib oleaut32.lib uuid.lib odbc32.lib odbccp32.lib /MANIFEST /ManifestFile:"Debug\CL_K02_1.exe.intermediate.manifest" /MANIFESTUAC:"level='asInvoker' uiAccess='false'" /DEBUG /PDB:"C:\Users\n1220071.STCN\Documents\Visual Studio 2010\Projects\CL_K02_1\Debug\CL_K02_1.pdb" /SUBSYSTEM:CONSOLE /TLBID:1 /DYNAMICBASE /NXCOMPAT /IMPLIB:"C:\Users\n1220071.STCN\Documents\Visual Studio 2010\Projects\CL_K02_1\Debug\CL_K02_1.lib" /MACHINE:X86 Debug\CL_K02_1.exe.embed.manifest.res
         Debug\CL_K02_1.obj
       Manifest:
         C:\Program Files (x86)\Microsoft SDKs\Windows\v7.0A\bin\mt.exe /nologo /verbose /out:"Debug\CL_K02_1.exe.embed.manifest" /manifest Debug\CL_K02_1.exe.intermediate.manifest
         すべての出力が最新のものです。
       LinkEmbedManifest:
         すべての出力が最新のものです。
         CL_K02_1.vcxproj -> C:\Users\n1220071.STCN\Documents\Visual Studio 2010\Projects\CL_K02_1\Debug\CL_K02_1.exe
       FinalizeBuildStatus:
         ファイル "Debug\CL_K02_1.unsuccessfulbuild" を削除しています。
         "Debug\CL_K02_1.lastbuildstate" のタッチ タスクを実行しています。
     1>プロジェクト "C:\Users\n1220071.STCN\Documents\Visual Studio 2010\Projects\CL_K02_1\CL_K02_1\CL_K02_1.vcxproj" (build ターゲット) のビルドが完了しました。

ビルドに成功しました。

経過時間 00:00:00.47
